# JRE version: Java(TM) SE Runtime Environment (8.0_161-b12) (build 1.8.0_161-b12)
# Java VM: Java HotSpot(TM) 64-Bit Server VM (25.161-b12 mixed mode windows-amd64 compressed oops)
Heap:
 PSYoungGen      total 183808K, used 176128K [0x00000000d5980000, 0x00000000e4e00000, 0x0000000100000000)
  eden space 167936K, 95% used [0x00000000d5980000,0x00000000df606658,0x00000000dfd80000)
  from space 15872K, 99% used [0x00000000dfd80000,0x00000000e0cf9d68,0x00000000e0d00000)
  to   space 19456K, 0% used [0x00000000e3b00000,0x00000000e3b00000,0x00000000e4e00000)
 ParOldGen       total 99840K, used 30626K [0x0000000080c00000, 0x0000000086d80000, 0x00000000d5980000)
  object space 99840K, 30% used [0x0000000080c00000,0x00000000829e8940,0x0000000086d80000)
 Metaspace       used 56906K, capacity 58784K, committed 58880K, reserved 1101824K
  class space    used 6809K, capacity 7148K, committed 7168K, reserved 1048576K
GC Heap History (10 events):
Event: 7.254 GC heap before
{Heap before GC invocations=9 (full 2):
 PSYoungGen      total 108032K, used 10225K [0x00000000d5980000, 0x00000000dfb00000, 0x0000000100000000)
  eden space 97792K, 0% used [0x00000000d5980000,0x00000000d5980000,0x00000000db900000)
  from space 10240K, 99% used [0x00000000db900000,0x00000000dc2fc788,0x00000000dc300000)
  to   space 11264K, 0% used [0x00000000df000000,0x00000000df000000,0x00000000dfb00000)
 ParOldGen       total 63488K, used 13683K [0x0000000080c00000, 0x0000000084a00000, 0x00000000d5980000)
  object space 63488K, 21% used [0x0000000080c00000,0x000000008195cd70,0x0000000084a00000)
 Metaspace       used 34317K, capacity 35354K, committed 35416K, reserved 1081344K
  class space    used 4346K, capacity 4569K, committed 4608K, reserved 1048576K
Event: 7.344 GC heap after
Heap after GC invocations=9 (full 2):
 PSYoungGen      total 108032K, used 0K [0x00000000d5980000, 0x00000000dfb00000, 0x0000000100000000)
  eden space 97792K, 0% used [0x00000000d5980000,0x00000000d5980000,0x00000000db900000)
  from space 10240K, 0% used [0x00000000db900000,0x00000000db900000,0x00000000dc300000)
  to   space 11264K, 0% used [0x00000000df000000,0x00000000df000000,0x00000000dfb00000)
 ParOldGen       total 99840K, used 18385K [0x0000000080c00000, 0x0000000086d80000, 0x00000000d5980000)
  object space 99840K, 18% used [0x0000000080c00000,0x0000000081df46b8,0x0000000086d80000)
 Metaspace       used 34317K, capacity 35354K, committed 35416K, reserved 1081344K
  class space    used 4346K, capacity 4569K, committed 4608K, reserved 1048576K
}
Event: 9.179 GC heap before
{Heap before GC invocations=10 (full 2):
 PSYoungGen      total 108032K, used 97792K [0x00000000d5980000, 0x00000000dfb00000, 0x0000000100000000)
  eden space 97792K, 100% used [0x00000000d5980000,0x00000000db900000,0x00000000db900000)
  from space 10240K, 0% used [0x00000000db900000,0x00000000db900000,0x00000000dc300000)
  to   space 11264K, 0% used [0x00000000df000000,0x00000000df000000,0x00000000dfb00000)
 ParOldGen       total 99840K, used 18385K [0x0000000080c00000, 0x0000000086d80000, 0x00000000d5980000)
  object space 99840K, 18% used [0x0000000080c00000,0x0000000081df46b8,0x0000000086d80000)
 Metaspace       used 39127K, capacity 40382K, committed 40576K, reserved 1085440K
  class space    used 4961K, capacity 5195K, committed 5248K, reserved 1048576K
Event: 9.190 GC heap after
Heap after GC invocations=10 (full 2):
 PSYoungGen      total 146944K, used 7994K [0x00000000d5980000, 0x00000000df800000, 0x0000000100000000)
  eden space 138752K, 0% used [0x00000000d5980000,0x00000000d5980000,0x00000000de100000)
  from space 8192K, 97% used [0x00000000df000000,0x00000000df7ce848,0x00000000df800000)
  to   space 11264K, 0% used [0x00000000de200000,0x00000000de200000,0x00000000ded00000)
 ParOldGen       total 99840K, used 18393K [0x0000000080c00000, 0x0000000086d80000, 0x00000000d5980000)
  object space 99840K, 18% used [0x0000000080c00000,0x0000000081df66b8,0x0000000086d80000)
 Metaspace       used 39127K, capacity 40382K, committed 40576K, reserved 1085440K
  class space    used 4961K, capacity 5195K, committed 5248K, reserved 1048576K
}
Event: 11.582 GC heap before
{Heap before GC invocations=11 (full 2):
 PSYoungGen      total 146944K, used 146746K [0x00000000d5980000, 0x00000000df800000, 0x0000000100000000)
  eden space 138752K, 100% used [0x00000000d5980000,0x00000000de100000,0x00000000de100000)
  from space 8192K, 97% used [0x00000000df000000,0x00000000df7ce848,0x00000000df800000)
  to   space 11264K, 0% used [0x00000000de200000,0x00000000de200000,0x00000000ded00000)
 ParOldGen       total 99840K, used 18393K [0x0000000080c00000, 0x0000000086d80000, 0x00000000d5980000)
  object space 99840K, 18% used [0x0000000080c00000,0x0000000081df66b8,0x0000000086d80000)
 Metaspace       used 46185K, capacity 47552K, committed 47744K, reserved 1091584K
  class space    used 5663K, capacity 5916K, committed 6016K, reserved 1048576K
Event: 11.596 GC heap after
Heap after GC invocations=11 (full 2):
 PSYoungGen      total 151040K, used 11255K [0x00000000d5980000, 0x00000000e1980000, 0x0000000100000000)
  eden space 139776K, 0% used [0x00000000d5980000,0x00000000d5980000,0x00000000de200000)
  from space 11264K, 99% used [0x00000000de200000,0x00000000decfdd08,0x00000000ded00000)
  to   space 12800K, 0% used [0x00000000e0d00000,0x00000000e0d00000,0x00000000e1980000)
 ParOldGen       total 99840K, used 19937K [0x0000000080c00000, 0x0000000086d80000, 0x00000000d5980000)
  object space 99840K, 19% used [0x0000000080c00000,0x0000000081f784a8,0x0000000086d80000)
 Metaspace       used 46185K, capacity 47552K, committed 47744K, reserved 1091584K
  class space    used 5663K, capacity 5916K, committed 6016K, reserved 1048576K
}
Event: 13.793 GC heap before
{Heap before GC invocations=12 (full 2):
 PSYoungGen      total 151040K, used 151031K [0x00000000d5980000, 0x00000000e1980000, 0x0000000100000000)
  eden space 139776K, 100% used [0x00000000d5980000,0x00000000de200000,0x00000000de200000)
  from space 11264K, 99% used [0x00000000de200000,0x00000000decfdd08,0x00000000ded00000)
  to   space 12800K, 0% used [0x00000000e0d00000,0x00000000e0d00000,0x00000000e1980000)
 ParOldGen       total 99840K, used 19937K [0x0000000080c00000, 0x0000000086d80000, 0x00000000d5980000)
  object space 99840K, 19% used [0x0000000080c00000,0x0000000081f784a8,0x0000000086d80000)
 Metaspace       used 49791K, capacity 51508K, committed 51712K, reserved 1095680K
  class space    used 6098K, capacity 6400K, committed 6400K, reserved 1048576K
Event: 13.834 GC heap after
Heap after GC invocations=12 (full 2):
 PSYoungGen      total 180736K, used 12772K [0x00000000d5980000, 0x00000000e2380000, 0x0000000100000000)
  eden space 167936K, 0% used [0x00000000d5980000,0x00000000d5980000,0x00000000dfd80000)
  from space 12800K, 99% used [0x00000000e0d00000,0x00000000e1979298,0x00000000e1980000)
  to   space 15872K, 0% used [0x00000000dfd80000,0x00000000dfd80000,0x00000000e0d00000)
 ParOldGen       total 99840K, used 25704K [0x0000000080c00000, 0x0000000086d80000, 0x00000000d5980000)
  object space 99840K, 25% used [0x0000000080c00000,0x000000008251a240,0x0000000086d80000)
 Metaspace       used 49791K, capacity 51508K, committed 51712K, reserved 1095680K
  class space    used 6098K, capacity 6400K, committed 6400K, reserved 1048576K
}
Event: 17.252 GC heap before
{Heap before GC invocations=13 (full 2):
 PSYoungGen      total 180736K, used 180708K [0x00000000d5980000, 0x00000000e2380000, 0x0000000100000000)
  eden space 167936K, 100% used [0x00000000d5980000,0x00000000dfd80000,0x00000000dfd80000)
  from space 12800K, 99% used [0x00000000e0d00000,0x00000000e1979298,0x00000000e1980000)
  to   space 15872K, 0% used [0x00000000dfd80000,0x00000000dfd80000,0x00000000e0d00000)
 ParOldGen       total 99840K, used 25704K [0x0000000080c00000, 0x0000000086d80000, 0x00000000d5980000)
  object space 99840K, 25% used [0x0000000080c00000,0x000000008251a240,0x0000000086d80000)
 Metaspace       used 55103K, capacity 56922K, committed 57216K, reserved 1099776K
  class space    used 6663K, capacity 6999K, committed 7040K, reserved 1048576K
Event: 17.305 GC heap after
Heap after GC invocations=13 (full 2):
 PSYoungGen      total 183808K, used 15847K [0x00000000d5980000, 0x00000000e4e00000, 0x0000000100000000)
  eden space 167936K, 0% used [0x00000000d5980000,0x00000000d5980000,0x00000000dfd80000)
  from space 15872K, 99% used [0x00000000dfd80000,0x00000000e0cf9d68,0x00000000e0d00000)
  to   space 19456K, 0% used [0x00000000e3b00000,0x00000000e3b00000,0x00000000e4e00000)
 ParOldGen       total 99840K, used 30626K [0x0000000080c00000, 0x0000000086d80000, 0x00000000d5980000)
  object space 99840K, 30% used [0x0000000080c00000,0x00000000829e8940,0x0000000086d80000)
 Metaspace       used 55103K, capacity 56922K, committed 57216K, reserved 1099776K
  class space    used 6663K, capacity 6999K, committed 7040K, reserved 1048576K
}

